{"message":"User not found with Email","level":"error","timestamp":"2021-08-06T10:25:57.608Z"}
{"message":"User not found with Email","level":"error","timestamp":"2021-08-06T11:17:08.526Z"}
{"message":"User not found with Email","level":"error","timestamp":"2021-08-06T11:19:26.925Z"}
{"message":"Error while saving the new user","level":"error","timestamp":"2021-08-06T11:37:11.376Z"}
{"message":"Error while registering the new user","level":"error","timestamp":"2021-08-06T11:37:11.376Z"}
{"message":"Error while registering the new user","level":"error","timestamp":"2021-08-06T11:37:11.376Z"}
{"message":"Error while saving the new user","level":"error","timestamp":"2021-08-06T11:37:19.642Z"}
{"message":"Error while registering the new user","level":"error","timestamp":"2021-08-06T11:37:19.642Z"}
{"message":"Error while registering the new user","level":"error","timestamp":"2021-08-06T11:37:19.642Z"}
{"message":"Error while saving the new user","level":"error","timestamp":"2021-08-06T11:37:35.823Z"}
{"message":"Error while registering the new user","level":"error","timestamp":"2021-08-06T11:37:35.823Z"}
{"message":"Error while registering the new user","level":"error","timestamp":"2021-08-06T11:37:35.823Z"}
{"message":"User not found with Email","level":"error","timestamp":"2021-08-06T11:41:48.142Z"}
{"message":"Invalid Params","level":"error","timestamp":"2021-08-06T11:42:20.646Z"}
{"message":"Invalid Params","level":"error","timestamp":"2021-08-06T19:56:08.091Z"}
{"message":"User not found with Email","level":"error","timestamp":"2021-08-06T19:57:44.220Z"}
{"message":"User not found with Email","level":"error","timestamp":"2021-08-06T20:00:20.585Z"}
{"message":"User not found with Email","level":"error","timestamp":"2021-08-06T20:00:34.443Z"}
{"message":"User not found with Email","level":"error","timestamp":"2021-08-06T20:03:38.111Z"}
{"message":"User not found with Email","level":"error","timestamp":"2021-08-06T20:03:55.739Z"}
{"message":"User not found with Email","level":"error","timestamp":"2021-08-06T20:05:20.336Z"}
{"message":"User not found with Email","level":"error","timestamp":"2021-08-06T20:05:31.455Z"}
{"message":"User not found with Email","level":"error","timestamp":"2021-08-06T20:06:16.503Z"}
{"message":"Error while saving the new user","level":"error","timestamp":"2021-08-08T04:44:51.974Z"}
{"message":"Error while registering the new user","level":"error","timestamp":"2021-08-08T04:44:51.975Z"}
{"message":"Error while registering the new user","level":"error","timestamp":"2021-08-08T04:44:51.976Z"}
{"message":"Invalid Params","level":"error","timestamp":"2021-08-08T04:44:52.026Z"}
{"message":"Error while saving the new user","level":"error","timestamp":"2021-08-08T04:44:52.031Z"}
{"message":"Error while registering the new user","level":"error","timestamp":"2021-08-08T04:44:52.031Z"}
{"message":"Error while registering the new user","level":"error","timestamp":"2021-08-08T04:44:52.032Z"}
{"message":"Invalid Params","level":"error","timestamp":"2021-08-08T04:44:52.053Z"}
{"message":"Error while saving the new user","level":"error","timestamp":"2021-08-08T04:44:52.058Z"}
{"message":"Error while registering the new user","level":"error","timestamp":"2021-08-08T04:44:52.058Z"}
{"message":"Error while registering the new user","level":"error","timestamp":"2021-08-08T04:44:52.059Z"}
{"message":"Invalid Params","level":"error","timestamp":"2021-08-08T04:44:52.074Z"}
{"message":"Invalid Params","level":"error","timestamp":"2021-08-08T04:44:52.093Z"}
{"message":"Error while saving the new user","level":"error","timestamp":"2021-08-08T04:44:52.098Z"}
{"message":"Error while registering the new user","level":"error","timestamp":"2021-08-08T04:44:52.098Z"}
{"message":"Error while registering the new user","level":"error","timestamp":"2021-08-08T04:44:52.098Z"}
{"message":"Error while saving the new user","level":"error","timestamp":"2021-08-08T04:47:56.008Z"}
{"message":"Error while registering the new user","level":"error","timestamp":"2021-08-08T04:47:56.008Z"}
{"message":"Error while registering the new user","level":"error","timestamp":"2021-08-08T04:47:56.008Z"}
{"message":"Invalid Params","level":"error","timestamp":"2021-08-08T04:47:56.025Z"}
{"message":"Error while saving the new user","level":"error","timestamp":"2021-08-08T04:47:56.027Z"}
{"message":"Error while registering the new user","level":"error","timestamp":"2021-08-08T04:47:56.027Z"}
{"message":"Error while registering the new user","level":"error","timestamp":"2021-08-08T04:47:56.028Z"}
{"message":"Invalid Params","level":"error","timestamp":"2021-08-08T04:47:56.037Z"}
{"message":"Error while saving the new user","level":"error","timestamp":"2021-08-08T04:47:56.038Z"}
{"message":"Error while registering the new user","level":"error","timestamp":"2021-08-08T04:47:56.038Z"}
{"message":"Error while registering the new user","level":"error","timestamp":"2021-08-08T04:47:56.039Z"}
{"message":"Invalid Params","level":"error","timestamp":"2021-08-08T04:47:56.046Z"}
{"message":"Invalid Params","level":"error","timestamp":"2021-08-08T04:47:56.051Z"}
{"message":"Error while saving the new user","level":"error","timestamp":"2021-08-08T04:47:56.052Z"}
{"message":"Error while registering the new user","level":"error","timestamp":"2021-08-08T04:47:56.052Z"}
{"message":"Error while registering the new user","level":"error","timestamp":"2021-08-08T04:47:56.052Z"}
{"message":"Error while saving the new user","level":"error","timestamp":"2021-08-08T04:49:55.229Z"}
{"message":"Error while registering the new user","level":"error","timestamp":"2021-08-08T04:49:55.229Z"}
{"message":"Error while registering the new user","level":"error","timestamp":"2021-08-08T04:49:55.229Z"}
{"message":"Invalid Params","level":"error","timestamp":"2021-08-08T04:49:55.250Z"}
{"message":"Error while saving the new user","level":"error","timestamp":"2021-08-08T04:49:55.255Z"}
{"message":"Error while registering the new user","level":"error","timestamp":"2021-08-08T04:49:55.256Z"}
{"message":"Error while registering the new user","level":"error","timestamp":"2021-08-08T04:49:55.256Z"}
{"message":"Invalid Params","level":"error","timestamp":"2021-08-08T04:49:55.264Z"}
{"message":"Error while saving the new user","level":"error","timestamp":"2021-08-08T04:49:55.266Z"}
{"message":"Error while registering the new user","level":"error","timestamp":"2021-08-08T04:49:55.266Z"}
{"message":"Error while registering the new user","level":"error","timestamp":"2021-08-08T04:49:55.266Z"}
{"message":"Invalid Params","level":"error","timestamp":"2021-08-08T04:49:55.275Z"}
{"message":"Invalid Params","level":"error","timestamp":"2021-08-08T04:49:55.288Z"}
{"message":"Error while saving the new user","level":"error","timestamp":"2021-08-08T04:49:55.292Z"}
{"message":"Error while registering the new user","level":"error","timestamp":"2021-08-08T04:49:55.292Z"}
{"message":"Error while registering the new user","level":"error","timestamp":"2021-08-08T04:49:55.292Z"}
{"message":"Error while saving the new user","level":"error","timestamp":"2021-08-08T12:02:11.923Z"}
{"message":"Error while registering the new user","level":"error","timestamp":"2021-08-08T12:02:11.923Z"}
{"message":"Error while registering the new user","level":"error","timestamp":"2021-08-08T12:02:11.923Z"}
{"message":"Error while saving the new user","level":"error","timestamp":"2021-08-08T12:12:06.561Z"}
{"message":"Error while registering the new user","level":"error","timestamp":"2021-08-08T12:12:06.562Z"}
{"message":"Error while registering the new user","level":"error","timestamp":"2021-08-08T12:12:06.562Z"}
{"message":"Error while saving the new user","level":"error","timestamp":"2021-08-08T12:12:08.999Z"}
{"message":"Error while registering the new user","level":"error","timestamp":"2021-08-08T12:12:09.000Z"}
{"message":"Error while registering the new user","level":"error","timestamp":"2021-08-08T12:12:09.000Z"}
{"message":"Error while saving the new user","level":"error","timestamp":"2021-08-08T14:08:46.641Z"}
{"message":"Error while registering the new user","level":"error","timestamp":"2021-08-08T14:08:46.642Z"}
{"message":"Error while registering the new user","level":"error","timestamp":"2021-08-08T14:08:46.643Z"}
{"message":"Invalid Params","level":"error","timestamp":"2021-08-08T14:09:30.745Z"}
{"message":"Error while saving the new user","level":"error","timestamp":"2021-08-08T14:09:31.032Z"}
{"message":"Invalid Params","level":"error","timestamp":"2021-08-08T14:10:03.042Z"}
{"message":"Error while saving the new user","level":"error","timestamp":"2021-08-09T16:03:37.991Z"}
{"message":"Error while registering the new user","level":"error","timestamp":"2021-08-09T16:03:37.991Z"}
{"message":"Error while registering the new user","level":"error","timestamp":"2021-08-09T16:03:37.992Z"}
{"message":"Invalid Params","level":"error","timestamp":"2021-08-09T16:03:38.042Z"}
{"message":"Error while saving the new user","level":"error","timestamp":"2021-08-09T16:03:38.046Z"}
{"message":"Error while registering the new user","level":"error","timestamp":"2021-08-09T16:03:38.047Z"}
{"message":"Error while registering the new user","level":"error","timestamp":"2021-08-09T16:03:38.047Z"}
{"message":"Invalid Params","level":"error","timestamp":"2021-08-09T16:03:38.066Z"}
{"message":"Error while saving the new user","level":"error","timestamp":"2021-08-09T16:03:38.069Z"}
{"message":"Error while registering the new user","level":"error","timestamp":"2021-08-09T16:03:38.070Z"}
{"message":"Error while registering the new user","level":"error","timestamp":"2021-08-09T16:03:38.070Z"}
{"message":"Invalid Params","level":"error","timestamp":"2021-08-09T16:03:38.083Z"}
{"message":"Invalid Params","level":"error","timestamp":"2021-08-09T16:03:38.099Z"}
{"message":"Error while saving the new user","level":"error","timestamp":"2021-08-09T16:03:38.102Z"}
{"message":"Error while registering the new user","level":"error","timestamp":"2021-08-09T16:03:38.103Z"}
{"message":"Error while registering the new user","level":"error","timestamp":"2021-08-09T16:03:38.103Z"}
{"message":"Error while saving the new user","level":"error","timestamp":"2021-08-09T16:03:38.266Z"}
{"message":"Error while registering the new user","level":"error","timestamp":"2021-08-09T16:03:38.266Z"}
{"message":"Error while registering the new user","level":"error","timestamp":"2021-08-09T16:03:38.266Z"}
{"message":"Error while saving the new user","level":"error","timestamp":"2021-08-09T16:06:03.253Z"}
{"message":"Error while registering the new user","level":"error","timestamp":"2021-08-09T16:06:03.253Z"}
{"message":"Error while registering the new user","level":"error","timestamp":"2021-08-09T16:06:03.254Z"}
{"message":"Invalid Params","level":"error","timestamp":"2021-08-09T16:06:03.300Z"}
{"message":"Error while saving the new user","level":"error","timestamp":"2021-08-09T16:06:03.305Z"}
{"message":"Error while registering the new user","level":"error","timestamp":"2021-08-09T16:06:03.305Z"}
{"message":"Error while registering the new user","level":"error","timestamp":"2021-08-09T16:06:03.306Z"}
{"message":"Invalid Params","level":"error","timestamp":"2021-08-09T16:06:03.333Z"}
{"message":"Error while saving the new user","level":"error","timestamp":"2021-08-09T16:06:03.338Z"}
{"message":"Error while registering the new user","level":"error","timestamp":"2021-08-09T16:06:03.338Z"}
{"message":"Error while registering the new user","level":"error","timestamp":"2021-08-09T16:06:03.338Z"}
{"message":"Invalid Params","level":"error","timestamp":"2021-08-09T16:06:03.357Z"}
{"message":"Invalid Params","level":"error","timestamp":"2021-08-09T16:06:03.378Z"}
{"message":"Error while saving the new user","level":"error","timestamp":"2021-08-09T16:06:03.384Z"}
{"message":"Error while registering the new user","level":"error","timestamp":"2021-08-09T16:06:03.384Z"}
{"message":"Error while registering the new user","level":"error","timestamp":"2021-08-09T16:06:03.384Z"}
{"message":"Error while saving the new user","level":"error","timestamp":"2021-08-09T16:10:25.210Z"}
{"message":"Error while registering the new user","level":"error","timestamp":"2021-08-09T16:10:25.211Z"}
{"message":"Error while registering the new user","level":"error","timestamp":"2021-08-09T16:10:25.212Z"}
{"message":"Error while saving the new user","level":"error","timestamp":"2021-08-09T16:11:06.113Z"}
{"message":"Error while registering the new user","level":"error","timestamp":"2021-08-09T16:11:06.113Z"}
{"message":"Error while registering the new user","level":"error","timestamp":"2021-08-09T16:11:06.113Z"}
{"message":"Error while saving the new user","level":"error","timestamp":"2021-08-09T16:11:26.651Z"}
{"message":"Error while registering the new user","level":"error","timestamp":"2021-08-09T16:11:26.652Z"}
{"message":"Error while registering the new user","level":"error","timestamp":"2021-08-09T16:11:26.653Z"}
{"message":"Invalid Params","level":"error","timestamp":"2021-08-09T16:12:51.606Z"}
{"message":"Error while saving the new user","level":"error","timestamp":"2021-08-09T16:12:51.609Z"}
{"message":"Error while registering the new user","level":"error","timestamp":"2021-08-09T16:12:51.609Z"}
{"message":"Error while registering the new user","level":"error","timestamp":"2021-08-09T16:12:51.610Z"}
{"message":"Invalid Params","level":"error","timestamp":"2021-08-09T16:12:51.625Z"}
{"message":"Error while saving the new user","level":"error","timestamp":"2021-08-09T16:12:51.627Z"}
{"message":"Error while registering the new user","level":"error","timestamp":"2021-08-09T16:12:51.627Z"}
{"message":"Error while registering the new user","level":"error","timestamp":"2021-08-09T16:12:51.628Z"}
{"message":"Invalid Params","level":"error","timestamp":"2021-08-09T16:12:51.638Z"}
{"message":"Invalid Params","level":"error","timestamp":"2021-08-09T16:12:51.653Z"}
{"message":"Error while saving the new user","level":"error","timestamp":"2021-08-09T16:12:51.656Z"}
{"message":"Error while registering the new user","level":"error","timestamp":"2021-08-09T16:12:51.656Z"}
{"message":"Error while registering the new user","level":"error","timestamp":"2021-08-09T16:12:51.656Z"}
{"message":"Invalid Params","level":"error","timestamp":"2021-08-09T16:16:30.639Z"}
{"message":"Error while saving the new user","level":"error","timestamp":"2021-08-09T16:16:30.646Z"}
{"message":"Error while registering the new user","level":"error","timestamp":"2021-08-09T16:16:30.646Z"}
{"message":"Error while registering the new user","level":"error","timestamp":"2021-08-09T16:16:30.646Z"}
{"message":"Invalid Params","level":"error","timestamp":"2021-08-09T16:16:30.666Z"}
{"message":"Error while saving the new user","level":"error","timestamp":"2021-08-09T16:16:30.670Z"}
{"message":"Error while registering the new user","level":"error","timestamp":"2021-08-09T16:16:30.670Z"}
{"message":"Error while registering the new user","level":"error","timestamp":"2021-08-09T16:16:30.670Z"}
{"message":"Invalid Params","level":"error","timestamp":"2021-08-09T16:16:30.685Z"}
{"message":"Invalid Params","level":"error","timestamp":"2021-08-09T16:16:30.704Z"}
{"message":"Error while saving the new user","level":"error","timestamp":"2021-08-09T16:16:30.710Z"}
{"message":"Error while registering the new user","level":"error","timestamp":"2021-08-09T16:16:30.710Z"}
{"message":"Error while registering the new user","level":"error","timestamp":"2021-08-09T16:16:30.711Z"}
{"message":"Invalid Params","level":"error","timestamp":"2021-08-09T16:20:07.828Z"}
{"message":"Invalid Params","level":"error","timestamp":"2021-08-09T16:21:10.945Z"}
{"message":"Error while saving the new user","level":"error","timestamp":"2021-08-09T16:21:10.948Z"}
{"message":"Error while registering the new user","level":"error","timestamp":"2021-08-09T16:21:10.949Z"}
{"message":"Error while registering the new user","level":"error","timestamp":"2021-08-09T16:21:10.949Z"}
{"message":"Invalid Params","level":"error","timestamp":"2021-08-09T16:21:10.960Z"}
{"message":"Error while saving the new user","level":"error","timestamp":"2021-08-09T16:21:10.964Z"}
{"message":"Error while registering the new user","level":"error","timestamp":"2021-08-09T16:21:10.964Z"}
{"message":"Error while registering the new user","level":"error","timestamp":"2021-08-09T16:21:10.964Z"}
{"message":"Invalid Params","level":"error","timestamp":"2021-08-09T16:21:10.972Z"}
{"message":"Invalid Params","level":"error","timestamp":"2021-08-09T16:21:10.983Z"}
{"message":"Error while saving the new user","level":"error","timestamp":"2021-08-09T16:21:10.985Z"}
{"message":"Error while registering the new user","level":"error","timestamp":"2021-08-09T16:21:10.985Z"}
{"message":"Error while registering the new user","level":"error","timestamp":"2021-08-09T16:21:10.986Z"}
{"message":"Invalid Params","level":"error","timestamp":"2021-08-09T16:22:50.367Z"}
{"message":"Invalid Params","level":"error","timestamp":"2021-08-09T16:24:49.461Z"}
{"message":"Invalid Params","level":"error","timestamp":"2021-08-09T16:48:35.054Z"}
{"message":"Invalid Params","level":"error","timestamp":"2021-08-09T16:50:34.163Z"}
{"message":"Error while saving the new user","level":"error","timestamp":"2021-08-09T16:50:34.167Z"}
{"message":"Error while registering the new user","level":"error","timestamp":"2021-08-09T16:50:34.168Z"}
{"message":"Error while registering the new user","level":"error","timestamp":"2021-08-09T16:50:34.168Z"}
{"message":"Invalid Params","level":"error","timestamp":"2021-08-09T16:50:34.187Z"}
{"message":"Error while saving the new user","level":"error","timestamp":"2021-08-09T16:50:34.192Z"}
{"message":"Error while registering the new user","level":"error","timestamp":"2021-08-09T16:50:34.193Z"}
{"message":"Error while registering the new user","level":"error","timestamp":"2021-08-09T16:50:34.193Z"}
{"message":"Invalid Params","level":"error","timestamp":"2021-08-09T16:50:34.216Z"}
{"message":"Invalid Params","level":"error","timestamp":"2021-08-09T16:50:34.236Z"}
{"message":"Error while saving the new user","level":"error","timestamp":"2021-08-09T16:50:34.239Z"}
{"message":"Error while registering the new user","level":"error","timestamp":"2021-08-09T16:50:34.240Z"}
{"message":"Error while registering the new user","level":"error","timestamp":"2021-08-09T16:50:34.240Z"}
{"message":"Invalid Params","level":"error","timestamp":"2021-08-09T16:53:42.878Z"}
{"message":"Error while saving the new user","level":"error","timestamp":"2021-08-09T16:53:43.162Z"}
{"message":"Invalid Params","level":"error","timestamp":"2021-08-09T17:07:28.231Z"}
{"message":"User not found with Email","level":"error","timestamp":"2021-08-09T17:07:28.275Z"}
{"message":"User not found with Email","level":"error","timestamp":"2021-08-09T17:07:28.289Z"}
{"message":"User not found with Email","level":"error","timestamp":"2021-08-09T17:07:28.304Z"}
{"message":"Invalid Params","level":"error","timestamp":"2021-08-09T17:12:59.493Z"}
{"message":"User not found with Email","level":"error","timestamp":"2021-08-09T17:12:59.552Z"}
{"message":"User not found with Email","level":"error","timestamp":"2021-08-09T17:12:59.569Z"}
{"message":"User not found with Email","level":"error","timestamp":"2021-08-09T17:12:59.585Z"}
{"message":"Error while saving the new user","level":"error","timestamp":"2021-08-09T17:48:37.478Z"}
{"message":"Error while registering the new user","level":"error","timestamp":"2021-08-09T17:48:37.478Z"}
{"message":"Error while registering the new user","level":"error","timestamp":"2021-08-09T17:48:37.479Z"}
{"message":"Invalid Params","level":"error","timestamp":"2021-08-09T17:48:37.503Z"}
{"message":"User not found with Email","level":"error","timestamp":"2021-08-09T17:48:37.528Z"}
{"message":"User not found with Email","level":"error","timestamp":"2021-08-09T17:48:37.536Z"}
{"message":"User not found with Email","level":"error","timestamp":"2021-08-09T17:48:37.543Z"}
{"message":"Error while saving the new user","level":"error","timestamp":"2021-08-09T17:48:37.619Z"}
{"message":"Invalid Params","level":"error","timestamp":"2021-08-09T17:49:19.618Z"}
{"message":"User not found with Email","level":"error","timestamp":"2021-08-09T17:49:19.639Z"}
{"message":"User not found with Email","level":"error","timestamp":"2021-08-09T17:49:19.650Z"}
{"message":"User not found with Email","level":"error","timestamp":"2021-08-09T17:49:19.656Z"}
{"message":"Invalid Params","level":"error","timestamp":"2021-08-09T17:57:41.028Z"}
{"message":"User not found with Email","level":"error","timestamp":"2021-08-09T17:57:41.117Z"}
{"message":"Error while saving the new user","level":"error","timestamp":"2021-08-09T18:02:41.456Z"}
{"message":"Error while registering the new user","level":"error","timestamp":"2021-08-09T18:02:41.456Z"}
{"message":"Error while registering the new user","level":"error","timestamp":"2021-08-09T18:02:41.456Z"}
{"message":"Invalid Params","level":"error","timestamp":"2021-08-09T18:02:41.477Z"}
{"message":"User not found with Email","level":"error","timestamp":"2021-08-09T18:02:41.493Z"}
{"message":"User not found with Email","level":"error","timestamp":"2021-08-09T18:02:41.500Z"}
{"message":"User not found with Email","level":"error","timestamp":"2021-08-09T18:02:41.506Z"}
{"message":"Error while saving the new user","level":"error","timestamp":"2021-08-09T18:02:41.548Z"}
{"message":"Invalid Params","level":"error","timestamp":"2021-08-09T18:07:59.348Z"}
{"message":"Error while saving the new user","level":"error","timestamp":"2021-08-09T18:07:59.350Z"}
{"message":"Error while registering the new user","level":"error","timestamp":"2021-08-09T18:07:59.351Z"}
{"message":"Error while registering the new user","level":"error","timestamp":"2021-08-09T18:07:59.351Z"}
{"message":"Invalid Params","level":"error","timestamp":"2021-08-09T18:07:59.362Z"}
{"message":"Error while saving the new user","level":"error","timestamp":"2021-08-09T18:07:59.363Z"}
{"message":"Error while registering the new user","level":"error","timestamp":"2021-08-09T18:07:59.363Z"}
{"message":"Error while registering the new user","level":"error","timestamp":"2021-08-09T18:07:59.363Z"}
{"message":"Invalid Params","level":"error","timestamp":"2021-08-09T18:07:59.368Z"}
{"message":"Invalid Params","level":"error","timestamp":"2021-08-09T18:07:59.376Z"}
{"message":"Error while saving the new user","level":"error","timestamp":"2021-08-09T18:07:59.471Z"}
{"message":"Error while registering the new user","level":"error","timestamp":"2021-08-09T18:07:59.471Z"}
{"message":"Error while registering the new user","level":"error","timestamp":"2021-08-09T18:07:59.471Z"}
{"message":"Invalid Params","level":"error","timestamp":"2021-08-09T18:10:21.321Z"}
{"message":"Error while saving the new user","level":"error","timestamp":"2021-08-09T18:10:21.324Z"}
{"message":"Error while registering the new user","level":"error","timestamp":"2021-08-09T18:10:21.324Z"}
{"message":"Error while registering the new user","level":"error","timestamp":"2021-08-09T18:10:21.324Z"}
{"message":"Invalid Params","level":"error","timestamp":"2021-08-09T18:10:21.332Z"}
{"message":"Error while saving the new user","level":"error","timestamp":"2021-08-09T18:10:21.333Z"}
{"message":"Error while registering the new user","level":"error","timestamp":"2021-08-09T18:10:21.334Z"}
{"message":"Error while registering the new user","level":"error","timestamp":"2021-08-09T18:10:21.334Z"}
{"message":"Invalid Params","level":"error","timestamp":"2021-08-09T18:10:21.340Z"}
{"message":"Invalid Params","level":"error","timestamp":"2021-08-09T18:10:21.347Z"}
{"message":"Error while saving the new user","level":"error","timestamp":"2021-08-09T18:10:21.432Z"}
{"message":"Error while registering the new user","level":"error","timestamp":"2021-08-09T18:10:21.433Z"}
{"message":"Error while registering the new user","level":"error","timestamp":"2021-08-09T18:10:21.433Z"}
{"message":"Invalid Params","level":"error","timestamp":"2021-08-09T18:24:28.831Z"}
{"message":"Invalid Params","level":"error","timestamp":"2021-08-09T18:26:39.040Z"}
{"message":"Error while saving the new user","level":"error","timestamp":"2021-08-09T18:26:39.126Z"}
{"message":"Error while registering the new user","level":"error","timestamp":"2021-08-09T18:26:39.126Z"}
{"message":"Error while registering the new user","level":"error","timestamp":"2021-08-09T18:26:39.126Z"}
{"message":"Invalid Params","level":"error","timestamp":"2021-08-09T18:39:45.885Z"}
{"message":"Error while saving the new user","level":"error","timestamp":"2021-08-09T18:39:45.888Z"}
{"message":"Error while registering the new user","level":"error","timestamp":"2021-08-09T18:39:45.888Z"}
{"message":"Error while registering the new user","level":"error","timestamp":"2021-08-09T18:39:45.889Z"}
{"message":"Invalid Params","level":"error","timestamp":"2021-08-09T18:39:45.897Z"}
{"message":"Error while saving the new user","level":"error","timestamp":"2021-08-09T18:39:45.898Z"}
{"message":"Error while registering the new user","level":"error","timestamp":"2021-08-09T18:39:45.898Z"}
{"message":"Error while registering the new user","level":"error","timestamp":"2021-08-09T18:39:45.898Z"}
{"message":"Invalid Params","level":"error","timestamp":"2021-08-09T18:39:45.905Z"}
{"message":"Invalid Params","level":"error","timestamp":"2021-08-09T18:39:45.912Z"}
{"message":"Error while saving the new user","level":"error","timestamp":"2021-08-09T18:39:45.998Z"}
{"message":"Error while registering the new user","level":"error","timestamp":"2021-08-09T18:39:45.998Z"}
{"message":"Error while registering the new user","level":"error","timestamp":"2021-08-09T18:39:45.998Z"}
{"message":"Invalid Params","level":"error","timestamp":"2021-08-09T18:49:50.493Z"}
{"message":"Error while saving the new user","level":"error","timestamp":"2021-08-09T18:49:50.496Z"}
{"message":"Error while registering the new user","level":"error","timestamp":"2021-08-09T18:49:50.496Z"}
{"message":"Error while registering the new user","level":"error","timestamp":"2021-08-09T18:49:50.496Z"}
{"message":"Invalid Params","level":"error","timestamp":"2021-08-09T18:49:50.506Z"}
{"message":"Error while saving the new user","level":"error","timestamp":"2021-08-09T18:49:50.507Z"}
{"message":"Error while registering the new user","level":"error","timestamp":"2021-08-09T18:49:50.507Z"}
{"message":"Error while registering the new user","level":"error","timestamp":"2021-08-09T18:49:50.508Z"}
{"message":"Invalid Params","level":"error","timestamp":"2021-08-09T18:49:50.514Z"}
{"message":"Invalid Params","level":"error","timestamp":"2021-08-09T18:49:50.522Z"}
{"message":"Error while saving the new user","level":"error","timestamp":"2021-08-09T18:49:50.608Z"}
{"message":"Error while registering the new user","level":"error","timestamp":"2021-08-09T18:49:50.609Z"}
{"message":"Error while registering the new user","level":"error","timestamp":"2021-08-09T18:49:50.609Z"}
{"message":"User not found with Email","level":"error","timestamp":"2021-08-10T03:15:16.631Z"}
{"message":"User not found with Email","level":"error","timestamp":"2021-08-10T03:15:41.493Z"}
{"message":"User not found with Email","level":"error","timestamp":"2021-08-10T03:16:37.543Z"}
{"message":"Invalid Params","level":"error","timestamp":"2021-08-10T03:22:40.142Z"}
{"message":"Error while saving the new user","level":"error","timestamp":"2021-08-10T03:22:40.146Z"}
{"message":"Error while registering the new user","level":"error","timestamp":"2021-08-10T03:22:40.146Z"}
{"message":"Error while registering the new user","level":"error","timestamp":"2021-08-10T03:22:40.147Z"}
{"message":"Invalid Params","level":"error","timestamp":"2021-08-10T03:22:40.170Z"}
{"message":"Error while saving the new user","level":"error","timestamp":"2021-08-10T03:22:40.173Z"}
{"message":"Error while registering the new user","level":"error","timestamp":"2021-08-10T03:22:40.173Z"}
{"message":"Error while registering the new user","level":"error","timestamp":"2021-08-10T03:22:40.173Z"}
{"message":"Invalid Params","level":"error","timestamp":"2021-08-10T03:22:40.192Z"}
{"message":"Invalid Params","level":"error","timestamp":"2021-08-10T03:22:40.213Z"}
{"message":"Error while saving the new user","level":"error","timestamp":"2021-08-10T03:22:40.407Z"}
{"message":"Error while registering the new user","level":"error","timestamp":"2021-08-10T03:22:40.408Z"}
{"message":"Error while registering the new user","level":"error","timestamp":"2021-08-10T03:22:40.408Z"}
{"message":"Error while saving the new user","level":"error","timestamp":"2021-08-10T03:25:33.157Z"}
{"message":"Error while registering the new user","level":"error","timestamp":"2021-08-10T03:25:33.157Z"}
{"message":"Error while registering the new user","level":"error","timestamp":"2021-08-10T03:25:33.158Z"}
{"message":"Invalid Params","level":"error","timestamp":"2021-08-10T03:25:33.205Z"}
{"message":"Error while saving the new user","level":"error","timestamp":"2021-08-10T03:25:33.212Z"}
{"message":"Error while registering the new user","level":"error","timestamp":"2021-08-10T03:25:33.212Z"}
{"message":"Error while registering the new user","level":"error","timestamp":"2021-08-10T03:25:33.212Z"}
{"message":"Invalid Params","level":"error","timestamp":"2021-08-10T03:25:33.236Z"}
{"message":"Error while saving the new user","level":"error","timestamp":"2021-08-10T03:25:33.241Z"}
{"message":"Error while registering the new user","level":"error","timestamp":"2021-08-10T03:25:33.241Z"}
{"message":"Error while registering the new user","level":"error","timestamp":"2021-08-10T03:25:33.241Z"}
{"message":"Invalid Params","level":"error","timestamp":"2021-08-10T03:25:33.260Z"}
{"message":"Invalid Params","level":"error","timestamp":"2021-08-10T03:25:33.280Z"}
{"message":"Error while saving the new user","level":"error","timestamp":"2021-08-10T03:25:33.484Z"}
{"message":"Error while registering the new user","level":"error","timestamp":"2021-08-10T03:25:33.485Z"}
{"message":"Error while registering the new user","level":"error","timestamp":"2021-08-10T03:25:33.485Z"}
{"message":"Error while saving the new user","level":"error","timestamp":"2021-08-10T03:25:33.487Z"}
{"message":"Error while registering the new user","level":"error","timestamp":"2021-08-10T03:25:33.487Z"}
{"message":"Error while registering the new user","level":"error","timestamp":"2021-08-10T03:25:33.487Z"}
{"message":"User not found with Email","level":"error","timestamp":"2021-08-10T03:32:15.191Z"}
{"message":"User not found with Email","level":"error","timestamp":"2021-08-10T05:33:44.708Z"}
{"message":"Error while saving the new user","level":"error","timestamp":"2021-08-10T07:11:41.853Z"}
{"message":"Error while registering the new user","level":"error","timestamp":"2021-08-10T07:11:41.853Z"}
{"message":"Error while registering the new user","level":"error","timestamp":"2021-08-10T07:11:41.854Z"}
{"message":"Invalid Params","level":"error","timestamp":"2021-08-10T07:11:41.880Z"}
{"message":"Error while saving the new user","level":"error","timestamp":"2021-08-10T07:11:41.882Z"}
{"message":"Error while registering the new user","level":"error","timestamp":"2021-08-10T07:11:41.882Z"}
{"message":"Error while registering the new user","level":"error","timestamp":"2021-08-10T07:11:41.882Z"}
{"message":"Invalid Params","level":"error","timestamp":"2021-08-10T07:11:41.894Z"}
{"message":"Error while saving the new user","level":"error","timestamp":"2021-08-10T07:11:41.895Z"}
{"message":"Error while registering the new user","level":"error","timestamp":"2021-08-10T07:11:41.895Z"}
{"message":"Error while registering the new user","level":"error","timestamp":"2021-08-10T07:11:41.895Z"}
{"message":"Invalid Params","level":"error","timestamp":"2021-08-10T07:11:41.903Z"}
{"message":"Invalid Params","level":"error","timestamp":"2021-08-10T07:11:41.913Z"}
{"message":"Error while saving the new user","level":"error","timestamp":"2021-08-10T07:11:42.023Z"}
{"message":"Error while registering the new user","level":"error","timestamp":"2021-08-10T07:11:42.023Z"}
{"message":"Error while registering the new user","level":"error","timestamp":"2021-08-10T07:11:42.023Z"}
{"message":"Error while saving the new user","level":"error","timestamp":"2021-08-10T07:11:42.025Z"}
{"message":"Error while registering the new user","level":"error","timestamp":"2021-08-10T07:11:42.025Z"}
{"message":"Error while registering the new user","level":"error","timestamp":"2021-08-10T07:11:42.025Z"}
{"message":"Invalid Params","level":"error","timestamp":"2021-08-10T07:12:56.343Z"}
{"message":"Error while saving the new user","level":"error","timestamp":"2021-08-10T07:12:56.345Z"}
{"message":"Error while registering the new user","level":"error","timestamp":"2021-08-10T07:12:56.346Z"}
{"message":"Error while registering the new user","level":"error","timestamp":"2021-08-10T07:12:56.346Z"}
{"message":"Invalid Params","level":"error","timestamp":"2021-08-10T07:12:56.357Z"}
{"message":"Error while saving the new user","level":"error","timestamp":"2021-08-10T07:12:56.359Z"}
{"message":"Error while registering the new user","level":"error","timestamp":"2021-08-10T07:12:56.359Z"}
{"message":"Error while registering the new user","level":"error","timestamp":"2021-08-10T07:12:56.359Z"}
{"message":"Invalid Params","level":"error","timestamp":"2021-08-10T07:12:56.367Z"}
{"message":"Invalid Params","level":"error","timestamp":"2021-08-10T07:12:56.375Z"}
{"message":"Error while saving the new user","level":"error","timestamp":"2021-08-10T07:12:56.506Z"}
{"message":"Error while registering the new user","level":"error","timestamp":"2021-08-10T07:12:56.506Z"}
{"message":"Error while registering the new user","level":"error","timestamp":"2021-08-10T07:12:56.506Z"}
{"message":"Invalid Params","level":"error","timestamp":"2021-08-10T10:06:28.668Z"}
{"message":"Invalid Params","level":"error","timestamp":"2021-08-10T10:09:21.429Z"}
{"message":"Error while saving the new user","level":"error","timestamp":"2021-08-10T10:09:58.771Z"}
{"message":"Error while registering the new user","level":"error","timestamp":"2021-08-10T10:09:58.771Z"}
{"message":"Invalid Params","level":"error","timestamp":"2021-08-10T10:09:58.791Z"}
{"message":"Error while saving the new user","level":"error","timestamp":"2021-08-10T10:09:58.862Z"}
{"message":"Invalid Params","level":"error","timestamp":"2021-08-10T10:11:31.059Z"}
{"message":"Invalid Params","level":"error","timestamp":"2021-08-10T10:17:24.617Z"}
{"message":"Invalid Params","level":"error","timestamp":"2021-08-10T10:17:47.037Z"}
{"message":"Invalid Params","level":"error","timestamp":"2021-08-10T10:18:18.318Z"}
{"message":"Invalid Params","level":"error","timestamp":"2021-08-10T10:28:40.793Z"}
{"message":"User not found with Email","level":"error","timestamp":"2021-08-10T10:28:40.837Z"}
{"message":"User not found with Email","level":"error","timestamp":"2021-08-10T10:30:20.637Z"}
{"message":"Invalid Params","level":"error","timestamp":"2021-08-10T10:32:58.303Z"}
{"message":"User not found with Email","level":"error","timestamp":"2021-08-10T10:43:35.290Z"}
{"message":"User not found with email","level":"error","timestamp":"2021-08-10T10:47:51.851Z"}
{"message":"User not found with email","level":"error","timestamp":"2021-08-10T10:51:12.326Z"}
{"message":"User not found with email","level":"error","timestamp":"2021-08-10T10:51:44.666Z"}
{"message":"User not found with email","level":"error","timestamp":"2021-08-10T10:52:55.938Z"}
{"message":"User not found with email","level":"error","timestamp":"2021-08-10T10:54:29.212Z"}
{"message":"Invalid Params","level":"error","timestamp":"2021-08-10T11:22:37.066Z"}
{"message":"Invalid Params","level":"error","timestamp":"2021-08-10T11:22:37.085Z"}
{"message":"User not found with email","level":"error","timestamp":"2021-08-10T11:22:37.169Z"}
{"message":"Invalid Params","level":"error","timestamp":"2021-08-10T11:25:30.815Z"}
{"message":"Invalid Params","level":"error","timestamp":"2021-08-10T11:25:30.839Z"}
{"message":"User not found with email","level":"error","timestamp":"2021-08-10T11:25:30.922Z"}
{"message":"Invalid Params","level":"error","timestamp":"2021-08-10T11:26:36.455Z"}
{"message":"Invalid Params","level":"error","timestamp":"2021-08-10T11:26:36.476Z"}
{"message":"User not found with email","level":"error","timestamp":"2021-08-10T11:26:36.560Z"}
{"message":"Invalid Params","level":"error","timestamp":"2021-08-10T11:27:43.692Z"}
{"message":"Invalid Params","level":"error","timestamp":"2021-08-10T11:27:43.711Z"}
{"message":"User not found with email","level":"error","timestamp":"2021-08-10T11:27:43.795Z"}
{"message":"Invalid Params","level":"error","timestamp":"2021-08-10T11:29:30.728Z"}
{"message":"Invalid Params","level":"error","timestamp":"2021-08-10T11:29:30.746Z"}
{"message":"User not found with email","level":"error","timestamp":"2021-08-10T11:29:30.830Z"}
{"message":"Invalid Params","level":"error","timestamp":"2021-08-10T11:32:13.587Z"}
{"message":"Invalid Params","level":"error","timestamp":"2021-08-10T11:32:13.606Z"}
{"message":"User not found with email","level":"error","timestamp":"2021-08-10T11:32:13.689Z"}
{"message":"Invalid Params","level":"error","timestamp":"2021-08-10T11:33:46.968Z"}
{"message":"Invalid Params","level":"error","timestamp":"2021-08-10T11:33:56.987Z"}
{"message":"Invalid Params","level":"error","timestamp":"2021-08-10T11:38:20.949Z"}
{"message":"Invalid Params","level":"error","timestamp":"2021-08-10T11:38:20.975Z"}
{"message":"User not found with email","level":"error","timestamp":"2021-08-10T11:38:21.098Z"}
{"message":"Invalid Params","level":"error","timestamp":"2021-08-10T11:39:53.070Z"}
{"message":"Invalid Params","level":"error","timestamp":"2021-08-10T11:39:53.095Z"}
{"message":"User not found with email","level":"error","timestamp":"2021-08-10T11:39:53.231Z"}
{"message":"Invalid Params","level":"error","timestamp":"2021-08-10T11:41:22.509Z"}
{"message":"Invalid Params","level":"error","timestamp":"2021-08-10T11:41:22.547Z"}
{"message":"User not found with email","level":"error","timestamp":"2021-08-10T11:41:22.743Z"}
{"message":"User not found with email","level":"error","timestamp":"2021-08-10T11:41:22.756Z"}
{"message":"Invalid Params","level":"error","timestamp":"2021-08-10T11:42:21.065Z"}
{"message":"Invalid Params","level":"error","timestamp":"2021-08-10T11:42:21.091Z"}
{"message":"User not found with email","level":"error","timestamp":"2021-08-10T11:42:21.202Z"}
{"message":"Invalid Params","level":"error","timestamp":"2021-08-10T11:44:31.884Z"}
{"message":"Invalid Params","level":"error","timestamp":"2021-08-10T11:44:31.910Z"}
{"message":"User not found with email","level":"error","timestamp":"2021-08-10T11:44:32.083Z"}
{"message":"Invalid Params","level":"error","timestamp":"2021-08-10T14:48:18.971Z"}
{"message":"Invalid Params","level":"error","timestamp":"2021-08-10T14:48:19.020Z"}
{"message":"Invalid Params","level":"error","timestamp":"2021-08-10T14:56:53.139Z"}
{"message":"Invalid Params","level":"error","timestamp":"2021-08-10T14:56:53.186Z"}
{"message":"Invalid Params","level":"error","timestamp":"2021-08-10T14:59:07.465Z"}
{"message":"Invalid Params","level":"error","timestamp":"2021-08-10T14:59:07.510Z"}
{"message":"User not found with email","level":"error","timestamp":"2021-08-10T15:07:06.210Z"}
{"message":"Invalid Params","level":"error","timestamp":"2021-08-10T15:14:11.810Z"}
{"message":"Invalid Params","level":"error","timestamp":"2021-08-10T15:14:11.855Z"}
{"message":"Invalid Params","level":"error","timestamp":"2021-08-10T15:15:30.756Z"}
{"message":"Invalid Params","level":"error","timestamp":"2021-08-10T15:15:30.795Z"}
{"message":"Invalid Params","level":"error","timestamp":"2021-08-10T15:21:05.350Z"}
{"message":"Invalid Params","level":"error","timestamp":"2021-08-10T15:21:05.377Z"}
{"message":"Invalid Params","level":"error","timestamp":"2021-08-10T15:53:42.407Z"}
{"message":"Invalid Params","level":"error","timestamp":"2021-08-10T15:53:42.433Z"}
{"message":"Invalid Params","level":"error","timestamp":"2021-08-10T16:00:04.742Z"}
{"message":"Invalid Params","level":"error","timestamp":"2021-08-10T16:00:04.790Z"}
{"message":"Invalid Params","level":"error","timestamp":"2021-08-10T16:40:43.289Z"}
{"message":"Invalid Params","level":"error","timestamp":"2021-08-10T16:40:43.310Z"}
{"message":"Invalid Params","level":"error","timestamp":"2021-08-10T16:41:22.089Z"}
{"message":"Invalid Params","level":"error","timestamp":"2021-08-10T16:41:22.109Z"}
{"message":"Invalid Params","level":"error","timestamp":"2021-08-10T16:42:33.303Z"}
{"message":"Invalid Params","level":"error","timestamp":"2021-08-10T16:42:33.321Z"}
{"message":"Invalid Params","level":"error","timestamp":"2021-08-10T16:45:03.279Z"}
{"message":"Invalid Params","level":"error","timestamp":"2021-08-10T16:45:03.297Z"}
{"message":"Invalid Params","level":"error","timestamp":"2021-08-10T16:46:04.320Z"}
{"message":"Invalid Params","level":"error","timestamp":"2021-08-10T16:46:04.338Z"}
{"message":"Invalid Params","level":"error","timestamp":"2021-08-10T16:48:33.729Z"}
{"message":"Invalid Params","level":"error","timestamp":"2021-08-10T16:48:33.748Z"}
{"message":"Invalid Params","level":"error","timestamp":"2021-08-10T16:52:25.624Z"}
{"message":"Invalid Params","level":"error","timestamp":"2021-08-10T16:52:25.646Z"}
{"message":"Invalid Params","level":"error","timestamp":"2021-08-10T16:53:14.348Z"}
{"message":"Invalid Params","level":"error","timestamp":"2021-08-10T16:53:14.368Z"}
{"message":"Invalid Params","level":"error","timestamp":"2021-08-10T16:54:03.742Z"}
{"message":"Invalid Params","level":"error","timestamp":"2021-08-10T16:54:03.763Z"}
{"message":"Invalid Params","level":"error","timestamp":"2021-08-10T16:55:11.952Z"}
{"message":"Invalid Params","level":"error","timestamp":"2021-08-10T16:55:11.970Z"}
{"message":"Invalid Params","level":"error","timestamp":"2021-08-10T16:56:59.001Z"}
{"message":"Invalid Params","level":"error","timestamp":"2021-08-10T16:56:59.021Z"}
{"message":"Invalid Params","level":"error","timestamp":"2021-08-10T16:57:25.651Z"}
{"message":"Invalid Params","level":"error","timestamp":"2021-08-10T16:57:25.670Z"}
{"message":"Invalid Params","level":"error","timestamp":"2021-08-10T18:15:00.161Z"}
{"message":"Invalid Params","level":"error","timestamp":"2021-08-10T18:15:00.185Z"}
{"message":"Invalid Params","level":"error","timestamp":"2021-08-10T18:23:34.106Z"}
{"message":"Invalid Params","level":"error","timestamp":"2021-08-10T18:23:34.137Z"}
{"message":"Invalid Params","level":"error","timestamp":"2021-08-10T18:26:33.176Z"}
{"message":"Invalid Params","level":"error","timestamp":"2021-08-10T18:26:33.200Z"}
{"message":"Invalid Params","level":"error","timestamp":"2021-08-11T02:03:38.168Z"}
{"message":"Invalid Params","level":"error","timestamp":"2021-08-11T02:03:38.220Z"}
{"message":"Invalid Params","level":"error","timestamp":"2021-08-11T02:07:15.238Z"}
{"message":"Invalid Params","level":"error","timestamp":"2021-08-11T02:07:15.267Z"}
{"message":"Invalid Params","level":"error","timestamp":"2021-08-11T02:07:38.441Z"}
{"message":"Invalid Params","level":"error","timestamp":"2021-08-11T02:07:38.482Z"}
{"message":"Invalid Params","level":"error","timestamp":"2021-08-11T02:08:17.025Z"}
{"message":"Invalid Params","level":"error","timestamp":"2021-08-11T02:08:17.076Z"}
{"message":"Error while saving the new user","level":"error","timestamp":"2021-08-11T02:09:49.173Z"}
{"message":"Error while registering the new user","level":"error","timestamp":"2021-08-11T02:09:49.173Z"}
{"message":"Invalid Params","level":"error","timestamp":"2021-08-11T02:09:49.220Z"}
{"message":"Invalid Params","level":"error","timestamp":"2021-08-11T02:09:49.237Z"}
{"message":"Invalid Params","level":"error","timestamp":"2021-08-11T02:11:50.286Z"}
{"message":"Invalid Params","level":"error","timestamp":"2021-08-11T02:11:50.313Z"}
{"message":"Error while saving the new user","level":"error","timestamp":"2021-08-11T02:26:03.620Z"}
{"message":"Error while registering the new user","level":"error","timestamp":"2021-08-11T02:26:03.620Z"}
{"message":"Invalid Params","level":"error","timestamp":"2021-08-11T02:26:03.659Z"}
{"message":"Invalid Params","level":"error","timestamp":"2021-08-11T02:26:03.677Z"}
{"message":"Error while saving the new user","level":"error","timestamp":"2021-08-11T02:31:22.801Z"}
{"message":"Error while registering the new user","level":"error","timestamp":"2021-08-11T02:31:22.801Z"}
{"message":"Invalid Params","level":"error","timestamp":"2021-08-11T02:31:22.828Z"}
{"message":"Invalid Params","level":"error","timestamp":"2021-08-11T02:31:22.839Z"}
{"message":"Invalid Params","level":"error","timestamp":"2021-08-11T02:34:51.901Z"}
{"message":"Invalid Params","level":"error","timestamp":"2021-08-11T02:34:51.915Z"}
{"message":"User not found with email","level":"error","timestamp":"2021-08-11T02:52:32.210Z"}
{"message":"User not found with email","level":"error","timestamp":"2021-08-11T02:52:51.470Z"}
{"message":"Invalid Params","level":"error","timestamp":"2021-08-11T04:10:06.938Z"}
{"message":"Invalid Params","level":"error","timestamp":"2021-08-11T04:10:06.947Z"}
{"message":"Error while saving the new user","level":"error","timestamp":"2021-08-11T05:29:24.436Z"}
{"message":"Error while registering the new user","level":"error","timestamp":"2021-08-11T05:29:24.437Z"}
{"message":"Invalid Params","level":"error","timestamp":"2021-08-11T05:29:24.461Z"}
{"message":"Invalid Params","level":"error","timestamp":"2021-08-11T05:29:24.469Z"}
{"message":"Invalid Params","level":"error","timestamp":"2021-08-11T05:30:28.819Z"}
{"message":"Invalid Params","level":"error","timestamp":"2021-08-11T05:30:28.827Z"}
{"message":"Error while saving the new user","level":"error","timestamp":"2021-08-11T08:05:12.752Z"}
{"message":"Error while registering the new user","level":"error","timestamp":"2021-08-11T08:05:12.752Z"}
{"message":"Invalid Params","level":"error","timestamp":"2021-08-11T08:05:12.797Z"}
{"message":"Invalid Params","level":"error","timestamp":"2021-08-11T08:05:12.813Z"}
{"message":"Error while saving the new user","level":"error","timestamp":"2021-08-11T08:06:08.989Z"}
{"message":"Error while registering the new user","level":"error","timestamp":"2021-08-11T08:06:08.990Z"}
{"message":"Invalid Params","level":"error","timestamp":"2021-08-11T08:06:09.035Z"}
{"message":"Invalid Params","level":"error","timestamp":"2021-08-11T08:06:09.050Z"}
{"message":"Error while saving the new user","level":"error","timestamp":"2021-08-11T08:08:57.483Z"}
{"message":"Error while registering the new user","level":"error","timestamp":"2021-08-11T08:08:57.483Z"}
{"message":"Invalid Params","level":"error","timestamp":"2021-08-11T08:08:57.524Z"}
{"message":"Invalid Params","level":"error","timestamp":"2021-08-11T08:08:57.537Z"}
{"message":"Error while saving the new user","level":"error","timestamp":"2021-08-11T08:10:48.249Z"}
{"message":"Error while registering the new user","level":"error","timestamp":"2021-08-11T08:10:48.250Z"}
{"message":"Invalid Params","level":"error","timestamp":"2021-08-11T08:10:48.291Z"}
{"message":"Invalid Params","level":"error","timestamp":"2021-08-11T08:10:48.305Z"}
{"message":"Error while saving the new user","level":"error","timestamp":"2021-08-11T08:14:16.494Z"}
{"message":"Error while registering the new user","level":"error","timestamp":"2021-08-11T08:14:16.494Z"}
{"message":"Invalid Params","level":"error","timestamp":"2021-08-11T08:14:16.526Z"}
{"message":"Invalid Params","level":"error","timestamp":"2021-08-11T08:14:16.538Z"}
{"message":"Error while saving the new user","level":"error","timestamp":"2021-08-11T08:22:08.407Z"}
{"message":"Error while registering the new user","level":"error","timestamp":"2021-08-11T08:22:08.407Z"}
{"message":"Invalid Params","level":"error","timestamp":"2021-08-11T08:22:08.434Z"}
{"message":"Invalid Params","level":"error","timestamp":"2021-08-11T08:22:08.445Z"}
{"message":"Error while saving the new user","level":"error","timestamp":"2021-08-11T08:22:40.891Z"}
{"message":"Error while registering the new user","level":"error","timestamp":"2021-08-11T08:22:40.891Z"}
{"message":"Invalid Params","level":"error","timestamp":"2021-08-11T08:22:40.921Z"}
{"message":"Invalid Params","level":"error","timestamp":"2021-08-11T08:22:40.929Z"}
{"message":"Error while saving the new user","level":"error","timestamp":"2021-08-11T08:24:34.667Z"}
{"message":"Error while registering the new user","level":"error","timestamp":"2021-08-11T08:24:34.667Z"}
{"message":"Invalid Params","level":"error","timestamp":"2021-08-11T08:24:34.692Z"}
{"message":"Invalid Params","level":"error","timestamp":"2021-08-11T08:24:34.700Z"}
{"message":"Error while saving the new user","level":"error","timestamp":"2021-08-11T08:33:18.883Z"}
{"message":"Error while registering the new user","level":"error","timestamp":"2021-08-11T08:33:18.883Z"}
{"message":"Invalid Params","level":"error","timestamp":"2021-08-11T08:33:18.908Z"}
{"message":"Invalid Params","level":"error","timestamp":"2021-08-11T08:33:18.917Z"}
{"message":"Error while saving the new user","level":"error","timestamp":"2021-08-11T08:34:09.862Z"}
{"message":"Error while registering the new user","level":"error","timestamp":"2021-08-11T08:34:09.863Z"}
{"message":"Invalid Params","level":"error","timestamp":"2021-08-11T08:34:09.895Z"}
{"message":"Invalid Params","level":"error","timestamp":"2021-08-11T08:34:09.906Z"}
{"message":"Error while saving the new user","level":"error","timestamp":"2021-08-11T08:36:26.712Z"}
{"message":"Error while registering the new user","level":"error","timestamp":"2021-08-11T08:36:26.712Z"}
{"message":"Invalid Params","level":"error","timestamp":"2021-08-11T08:36:26.753Z"}
{"message":"Invalid Params","level":"error","timestamp":"2021-08-11T08:36:26.767Z"}
{"message":"Error while saving the new user","level":"error","timestamp":"2021-08-11T08:38:05.173Z"}
{"message":"Error while registering the new user","level":"error","timestamp":"2021-08-11T08:38:05.174Z"}
{"message":"Invalid Params","level":"error","timestamp":"2021-08-11T08:38:05.222Z"}
{"message":"Invalid Params","level":"error","timestamp":"2021-08-11T08:38:05.235Z"}
{"message":"Error while saving the new user","level":"error","timestamp":"2021-08-11T08:40:59.612Z"}
{"message":"Error while registering the new user","level":"error","timestamp":"2021-08-11T08:40:59.612Z"}
{"message":"Invalid Params","level":"error","timestamp":"2021-08-11T08:40:59.642Z"}
{"message":"Invalid Params","level":"error","timestamp":"2021-08-11T08:40:59.652Z"}
{"message":"Error while saving the new user","level":"error","timestamp":"2021-08-11T08:51:42.124Z"}
{"message":"Error while registering the new user","level":"error","timestamp":"2021-08-11T08:51:42.125Z"}
{"message":"Invalid Params","level":"error","timestamp":"2021-08-11T08:51:42.166Z"}
{"message":"Invalid Params","level":"error","timestamp":"2021-08-11T08:51:42.180Z"}
{"message":"Error while saving the new user","level":"error","timestamp":"2021-08-11T08:54:59.874Z"}
{"message":"Error while registering the new user","level":"error","timestamp":"2021-08-11T08:54:59.874Z"}
{"message":"Invalid Params","level":"error","timestamp":"2021-08-11T08:54:59.918Z"}
{"message":"Invalid Params","level":"error","timestamp":"2021-08-11T08:54:59.937Z"}
{"message":"Error while saving the new user","level":"error","timestamp":"2021-08-11T08:57:19.999Z"}
{"message":"Error while registering the new user","level":"error","timestamp":"2021-08-11T08:57:20.000Z"}
{"message":"Invalid Params","level":"error","timestamp":"2021-08-11T08:57:20.049Z"}
{"message":"Invalid Params","level":"error","timestamp":"2021-08-11T08:57:20.064Z"}
{"message":"Error while saving the new user","level":"error","timestamp":"2021-08-11T10:50:23.398Z"}
{"message":"Error while registering the new user","level":"error","timestamp":"2021-08-11T10:50:23.399Z"}
{"message":"Invalid Params","level":"error","timestamp":"2021-08-11T10:50:23.458Z"}
{"message":"Invalid Params","level":"error","timestamp":"2021-08-11T10:50:23.477Z"}
{"message":"Error while saving the new user","level":"error","timestamp":"2021-08-11T10:52:37.963Z"}
{"message":"Error while registering the new user","level":"error","timestamp":"2021-08-11T10:52:37.964Z"}
{"message":"Invalid Params","level":"error","timestamp":"2021-08-11T10:52:38.010Z"}
{"message":"Invalid Params","level":"error","timestamp":"2021-08-11T10:52:38.026Z"}
{"message":"Error while saving the new user","level":"error","timestamp":"2021-08-11T10:55:38.448Z"}
{"message":"Error while registering the new user","level":"error","timestamp":"2021-08-11T10:55:38.449Z"}
{"message":"Invalid Params","level":"error","timestamp":"2021-08-11T10:55:38.492Z"}
{"message":"Invalid Params","level":"error","timestamp":"2021-08-11T10:55:38.503Z"}
{"message":"Error while saving the new user","level":"error","timestamp":"2021-08-11T11:02:24.806Z"}
{"message":"Error while registering the new user","level":"error","timestamp":"2021-08-11T11:02:24.807Z"}
{"message":"Invalid Params","level":"error","timestamp":"2021-08-11T11:02:24.846Z"}
{"message":"Invalid Params","level":"error","timestamp":"2021-08-11T11:02:24.861Z"}
{"message":"Error while saving the new user","level":"error","timestamp":"2021-08-11T11:12:36.199Z"}
{"message":"Error while registering the new user","level":"error","timestamp":"2021-08-11T11:12:36.199Z"}
{"message":"Invalid Params","level":"error","timestamp":"2021-08-11T11:12:36.230Z"}
{"message":"Invalid Params","level":"error","timestamp":"2021-08-11T11:12:36.240Z"}
{"message":"Error while saving the new user","level":"error","timestamp":"2021-08-11T11:13:51.066Z"}
{"message":"Error while registering the new user","level":"error","timestamp":"2021-08-11T11:13:51.066Z"}
{"message":"Invalid Params","level":"error","timestamp":"2021-08-11T11:13:51.110Z"}
{"message":"Invalid Params","level":"error","timestamp":"2021-08-11T11:13:51.123Z"}
{"message":"Error while saving the new user","level":"error","timestamp":"2021-08-11T11:15:52.280Z"}
{"message":"Error while registering the new user","level":"error","timestamp":"2021-08-11T11:15:52.281Z"}
{"message":"Invalid Params","level":"error","timestamp":"2021-08-11T11:15:52.322Z"}
{"message":"Invalid Params","level":"error","timestamp":"2021-08-11T11:15:52.336Z"}
{"message":"Error while saving the new user","level":"error","timestamp":"2021-08-11T11:24:41.454Z"}
{"message":"Error while registering the new user","level":"error","timestamp":"2021-08-11T11:24:41.455Z"}
{"message":"Invalid Params","level":"error","timestamp":"2021-08-11T11:24:41.498Z"}
{"message":"Invalid Params","level":"error","timestamp":"2021-08-11T11:24:41.513Z"}
{"message":"Error while saving the new user","level":"error","timestamp":"2021-08-11T11:25:17.206Z"}
{"message":"Error while registering the new user","level":"error","timestamp":"2021-08-11T11:25:17.206Z"}
{"message":"Invalid Params","level":"error","timestamp":"2021-08-11T11:25:17.249Z"}
{"message":"Invalid Params","level":"error","timestamp":"2021-08-11T11:25:17.264Z"}
{"message":"Error while saving the new user","level":"error","timestamp":"2021-08-11T11:50:02.563Z"}
{"message":"Error while registering the new user","level":"error","timestamp":"2021-08-11T11:50:02.564Z"}
{"message":"Invalid Params","level":"error","timestamp":"2021-08-11T11:50:02.594Z"}
{"message":"Invalid Params","level":"error","timestamp":"2021-08-11T11:50:02.604Z"}
{"message":"Error while saving the new user","level":"error","timestamp":"2021-08-11T11:56:23.448Z"}
{"message":"Error while registering the new user","level":"error","timestamp":"2021-08-11T11:56:23.448Z"}
{"message":"Invalid Params","level":"error","timestamp":"2021-08-11T11:56:23.492Z"}
{"message":"Invalid Params","level":"error","timestamp":"2021-08-11T11:56:23.508Z"}
{"message":"Error while saving the new user","level":"error","timestamp":"2021-08-11T11:58:57.707Z"}
{"message":"Error while registering the new user","level":"error","timestamp":"2021-08-11T11:58:57.707Z"}
{"message":"Invalid Params","level":"error","timestamp":"2021-08-11T11:58:57.749Z"}
{"message":"Invalid Params","level":"error","timestamp":"2021-08-11T11:58:57.764Z"}
{"message":"Error while saving the new user","level":"error","timestamp":"2021-08-11T12:02:37.003Z"}
{"message":"Error while registering the new user","level":"error","timestamp":"2021-08-11T12:02:37.003Z"}
{"message":"Invalid Params","level":"error","timestamp":"2021-08-11T12:02:37.048Z"}
{"message":"Invalid Params","level":"error","timestamp":"2021-08-11T12:02:37.064Z"}
{"message":"Error while saving the new user","level":"error","timestamp":"2021-08-11T12:15:22.117Z"}
{"message":"Error while registering the new user","level":"error","timestamp":"2021-08-11T12:15:22.117Z"}
{"message":"Invalid Params","level":"error","timestamp":"2021-08-11T12:15:22.137Z"}
{"message":"Invalid Params","level":"error","timestamp":"2021-08-11T12:15:22.143Z"}
{"message":"Error while saving the new user","level":"error","timestamp":"2021-08-11T12:19:43.139Z"}
{"message":"Error while registering the new user","level":"error","timestamp":"2021-08-11T12:19:43.139Z"}
{"message":"Invalid Params","level":"error","timestamp":"2021-08-11T12:19:43.160Z"}
{"message":"Invalid Params","level":"error","timestamp":"2021-08-11T12:19:43.167Z"}
{"message":"Invalid Params","level":"error","timestamp":"2021-08-11T12:20:58.617Z"}
{"message":"Invalid Params","level":"error","timestamp":"2021-08-11T12:20:58.623Z"}
{"message":"User not found with email","level":"error","timestamp":"2021-08-11T14:34:18.596Z"}
{"message":"User not found with email","level":"error","timestamp":"2021-08-11T14:42:37.307Z"}
{"message":"Invalid Params","level":"error","timestamp":"2021-08-11T14:57:46.099Z"}
{"message":"User not found with email","level":"error","timestamp":"2021-08-11T15:13:05.043Z"}
{"message":"Invalid Params","level":"error","timestamp":"2021-08-11T15:36:07.505Z"}
{"message":"Invalid Params","level":"error","timestamp":"2021-08-11T15:37:03.824Z"}
{"message":"Invalid Params","level":"error","timestamp":"2021-08-11T15:38:05.710Z"}
{"message":"Invalid Params","level":"error","timestamp":"2021-08-11T15:40:31.080Z"}
{"message":"Error while authenticating the user","level":"error","timestamp":"2021-08-11T16:11:09.211Z"}
{"message":"Error while authenticating the user","level":"error","timestamp":"2021-08-11T16:11:21.988Z"}
{"message":"Invalid Params","level":"error","timestamp":"2021-08-11T16:12:05.518Z"}
{"message":"Invalid Params","level":"error","timestamp":"2021-08-11T16:13:50.196Z"}
{"message":"Error while authenticating the user","level":"error","timestamp":"2021-08-11T16:14:00.190Z"}
{"message":"Error while saving the new user","level":"error","timestamp":"2021-08-11T16:14:38.250Z"}
{"message":"Error while registering the new user","level":"error","timestamp":"2021-08-11T16:14:38.251Z"}
{"message":"Invalid Params","level":"error","timestamp":"2021-08-11T16:14:38.271Z"}
{"message":"Invalid Params","level":"error","timestamp":"2021-08-11T16:14:38.283Z"}
{"message":"Invalid Params","level":"error","timestamp":"2021-08-11T16:14:38.384Z"}
{"message":"Error while saving the new user","level":"error","timestamp":"2021-08-11T16:18:51.636Z"}
{"message":"Error while registering the new user","level":"error","timestamp":"2021-08-11T16:18:51.636Z"}
{"message":"Invalid Params","level":"error","timestamp":"2021-08-11T16:18:51.654Z"}
{"message":"Invalid Params","level":"error","timestamp":"2021-08-11T16:18:51.663Z"}
{"message":"Invalid Params","level":"error","timestamp":"2021-08-11T16:18:51.744Z"}
{"message":"Error while saving the new user","level":"error","timestamp":"2021-08-11T16:19:31.194Z"}
{"message":"Error while registering the new user","level":"error","timestamp":"2021-08-11T16:19:31.194Z"}
{"message":"Invalid Params","level":"error","timestamp":"2021-08-11T16:19:31.213Z"}
{"message":"Invalid Params","level":"error","timestamp":"2021-08-11T16:19:31.221Z"}
{"message":"Invalid Params","level":"error","timestamp":"2021-08-11T16:19:31.302Z"}
{"message":"Error while saving the new user","level":"error","timestamp":"2021-08-11T16:20:02.317Z"}
{"message":"Error while registering the new user","level":"error","timestamp":"2021-08-11T16:20:02.317Z"}
{"message":"Invalid Params","level":"error","timestamp":"2021-08-11T16:20:02.334Z"}
{"message":"Invalid Params","level":"error","timestamp":"2021-08-11T16:20:02.341Z"}
{"message":"Invalid Params","level":"error","timestamp":"2021-08-11T16:20:02.420Z"}
{"message":"Error while saving the new user","level":"error","timestamp":"2021-08-11T16:20:46.949Z"}
{"message":"Error while registering the new user","level":"error","timestamp":"2021-08-11T16:20:46.949Z"}
{"message":"Invalid Params","level":"error","timestamp":"2021-08-11T16:20:46.966Z"}
{"message":"Invalid Params","level":"error","timestamp":"2021-08-11T16:20:46.972Z"}
{"message":"Invalid Params","level":"error","timestamp":"2021-08-11T16:20:47.054Z"}
{"message":"Invalid Params","level":"error","timestamp":"2021-08-11T16:37:58.808Z"}
{"message":"Error while saving the new user","level":"error","timestamp":"2021-08-11T16:38:53.169Z"}
{"message":"Error while registering the new user","level":"error","timestamp":"2021-08-11T16:38:53.169Z"}
{"message":"Invalid Params","level":"error","timestamp":"2021-08-11T16:38:53.187Z"}
{"message":"Invalid Params","level":"error","timestamp":"2021-08-11T16:38:53.194Z"}
{"message":"Invalid Params","level":"error","timestamp":"2021-08-11T16:38:53.275Z"}
{"message":"Invalid Params","level":"error","timestamp":"2021-08-11T16:38:53.280Z"}
{"message":"Error while authenticating the user","level":"error","timestamp":"2021-08-11T16:39:38.762Z"}
{"message":"Error while saving the new user","level":"error","timestamp":"2021-08-11T16:40:58.490Z"}
{"message":"Error while registering the new user","level":"error","timestamp":"2021-08-11T16:40:58.490Z"}
{"message":"Invalid Params","level":"error","timestamp":"2021-08-11T16:40:58.507Z"}
{"message":"Invalid Params","level":"error","timestamp":"2021-08-11T16:40:58.514Z"}
{"message":"Invalid Params","level":"error","timestamp":"2021-08-11T16:40:58.595Z"}
{"message":"Invalid Params","level":"error","timestamp":"2021-08-11T16:40:58.602Z"}
{"message":"Error while saving the new user","level":"error","timestamp":"2021-08-11T16:41:43.394Z"}
{"message":"Error while registering the new user","level":"error","timestamp":"2021-08-11T16:41:43.395Z"}
{"message":"Invalid Params","level":"error","timestamp":"2021-08-11T16:41:43.412Z"}
{"message":"Invalid Params","level":"error","timestamp":"2021-08-11T16:41:43.420Z"}
{"message":"Invalid Params","level":"error","timestamp":"2021-08-11T16:41:43.501Z"}
{"message":"Invalid Params","level":"error","timestamp":"2021-08-11T16:41:43.506Z"}
{"message":"Invalid Params","level":"error","timestamp":"2021-08-11T16:42:29.342Z"}
{"message":"Invalid Params","level":"error","timestamp":"2021-08-11T16:42:29.348Z"}
{"message":"Invalid Params","level":"error","timestamp":"2021-08-11T16:42:29.428Z"}
{"message":"Invalid Params","level":"error","timestamp":"2021-08-11T16:42:29.433Z"}
{"message":"Error while saving the new user","level":"error","timestamp":"2021-08-11T16:42:56.312Z"}
{"message":"Error while registering the new user","level":"error","timestamp":"2021-08-11T16:42:56.312Z"}
{"message":"Invalid Params","level":"error","timestamp":"2021-08-11T16:42:56.331Z"}
{"message":"Invalid Params","level":"error","timestamp":"2021-08-11T16:42:56.339Z"}
{"message":"Invalid Params","level":"error","timestamp":"2021-08-11T16:42:56.419Z"}
{"message":"Invalid Params","level":"error","timestamp":"2021-08-11T16:42:56.425Z"}
{"message":"Invalid Params","level":"error","timestamp":"2021-08-11T16:43:29.307Z"}
{"message":"Invalid Params","level":"error","timestamp":"2021-08-11T16:43:29.314Z"}
{"message":"Invalid Params","level":"error","timestamp":"2021-08-11T16:43:29.393Z"}
{"message":"Invalid Params","level":"error","timestamp":"2021-08-11T16:43:29.398Z"}
{"message":"Error while saving the new user","level":"error","timestamp":"2021-08-11T17:49:44.830Z"}
{"message":"Error while registering the new user","level":"error","timestamp":"2021-08-11T17:49:44.830Z"}
{"message":"Invalid Params","level":"error","timestamp":"2021-08-11T17:49:44.847Z"}
{"message":"Invalid Params","level":"error","timestamp":"2021-08-11T17:49:44.854Z"}
{"message":"Invalid Params","level":"error","timestamp":"2021-08-11T17:49:44.936Z"}
{"message":"Invalid Params","level":"error","timestamp":"2021-08-11T17:49:44.941Z"}
{"message":"Error while saving the new user","level":"error","timestamp":"2021-08-11T20:05:40.318Z"}
{"message":"Error while registering the new user","level":"error","timestamp":"2021-08-11T20:05:40.319Z"}
{"message":"Invalid Params","level":"error","timestamp":"2021-08-11T20:05:40.355Z"}
{"message":"Invalid Params","level":"error","timestamp":"2021-08-11T20:05:40.370Z"}
{"message":"Invalid Params","level":"error","timestamp":"2021-08-11T20:05:40.564Z"}
{"message":"Invalid Params","level":"error","timestamp":"2021-08-11T20:05:40.577Z"}
{"message":"Error while authenticating the user","level":"error","timestamp":"2021-08-11T20:08:10.223Z"}
{"message":"Invalid Params","level":"error","timestamp":"2021-08-11T20:09:50.755Z"}
{"message":"Invalid Params","level":"error","timestamp":"2021-08-11T20:09:50.774Z"}
{"message":"Invalid Params","level":"error","timestamp":"2021-08-11T20:09:50.992Z"}
{"message":"Invalid Params","level":"error","timestamp":"2021-08-11T20:09:51.000Z"}
{"message":"Error while saving the new user","level":"error","timestamp":"2021-08-11T20:10:33.226Z"}
{"message":"Error while registering the new user","level":"error","timestamp":"2021-08-11T20:10:33.227Z"}
{"message":"Invalid Params","level":"error","timestamp":"2021-08-11T20:10:33.271Z"}
{"message":"Invalid Params","level":"error","timestamp":"2021-08-11T20:10:33.292Z"}
{"message":"Invalid Params","level":"error","timestamp":"2021-08-11T20:10:33.525Z"}
{"message":"Invalid Params","level":"error","timestamp":"2021-08-11T20:10:33.535Z"}
{"message":"Invalid Params","level":"error","timestamp":"2021-08-11T20:25:03.372Z"}
{"message":"Invalid Params","level":"error","timestamp":"2021-08-11T20:25:32.254Z"}
{"message":"Invalid Params","level":"error","timestamp":"2021-08-11T20:25:39.893Z"}
{"message":"Invalid Params","level":"error","timestamp":"2021-08-11T20:26:19.634Z"}
{"message":"Error while registering the new user","level":"error","timestamp":"2021-08-11T20:26:19.635Z"}
{"message":"Invalid Params","level":"error","timestamp":"2021-08-11T20:26:51.155Z"}
{"message":"Invalid Params","level":"error","timestamp":"2021-08-11T20:27:57.255Z"}
{"message":"Invalid Params","level":"error","timestamp":"2021-08-11T20:28:15.469Z"}
{"message":"Invalid Params","level":"error","timestamp":"2021-08-11T20:28:24.783Z"}
{"message":"Invalid Params","level":"error","timestamp":"2021-08-12T02:22:40.235Z"}
{"message":"Invalid Params","level":"error","timestamp":"2021-08-12T02:22:40.242Z"}
{"message":"Invalid Params","level":"error","timestamp":"2021-08-12T02:22:40.340Z"}
{"message":"Invalid Params","level":"error","timestamp":"2021-08-12T02:22:40.348Z"}
{"message":"Error while saving the new user","level":"error","timestamp":"2021-08-12T02:23:46.441Z"}
{"message":"Error while registering the new user","level":"error","timestamp":"2021-08-12T02:23:46.441Z"}
{"message":"Invalid Params","level":"error","timestamp":"2021-08-12T02:23:46.465Z"}
{"message":"Invalid Params","level":"error","timestamp":"2021-08-12T02:23:46.475Z"}
{"message":"Invalid Params","level":"error","timestamp":"2021-08-12T02:23:46.570Z"}
{"message":"Invalid Params","level":"error","timestamp":"2021-08-12T02:23:46.578Z"}
{"message":"Error while saving the new user","level":"error","timestamp":"2021-08-12T02:26:45.881Z"}
{"message":"Error while registering the new user","level":"error","timestamp":"2021-08-12T02:26:45.881Z"}
{"message":"Invalid Params","level":"error","timestamp":"2021-08-12T02:26:45.899Z"}
{"message":"Invalid Params","level":"error","timestamp":"2021-08-12T02:26:45.906Z"}
{"message":"Invalid Params","level":"error","timestamp":"2021-08-12T02:26:45.988Z"}
{"message":"Invalid Params","level":"error","timestamp":"2021-08-12T02:26:45.994Z"}
{"message":"Error while authenticating the user","level":"error","timestamp":"2021-08-12T02:28:59.434Z"}
{"message":"Error while authenticating the user","level":"error","timestamp":"2021-08-12T02:29:28.135Z"}
{"message":"Error while saving the new user","level":"error","timestamp":"2021-08-12T02:32:35.722Z"}
{"message":"Error while registering the new user","level":"error","timestamp":"2021-08-12T02:32:35.723Z"}
{"message":"Invalid Params","level":"error","timestamp":"2021-08-12T02:32:35.745Z"}
{"message":"Invalid Params","level":"error","timestamp":"2021-08-12T02:32:35.754Z"}
{"message":"Invalid Params","level":"error","timestamp":"2021-08-12T02:32:35.844Z"}
{"message":"Invalid Params","level":"error","timestamp":"2021-08-12T02:32:35.849Z"}
{"message":"Error while saving the new user","level":"error","timestamp":"2021-08-12T02:38:08.075Z"}
{"message":"Error while registering the new user","level":"error","timestamp":"2021-08-12T02:38:08.075Z"}
{"message":"Invalid Params","level":"error","timestamp":"2021-08-12T02:38:08.095Z"}
{"message":"Invalid Params","level":"error","timestamp":"2021-08-12T02:38:08.102Z"}
{"message":"Invalid Params","level":"error","timestamp":"2021-08-12T02:38:08.184Z"}
{"message":"Invalid Params","level":"error","timestamp":"2021-08-12T02:38:08.190Z"}
{"message":"Invalid Params","level":"error","timestamp":"2021-08-12T02:47:16.939Z"}
{"message":"Invalid Params","level":"error","timestamp":"2021-08-12T02:47:16.946Z"}
{"message":"Invalid Params","level":"error","timestamp":"2021-08-12T02:47:17.027Z"}
{"message":"Invalid Params","level":"error","timestamp":"2021-08-12T02:47:17.032Z"}
{"message":"Invalid Params","level":"error","timestamp":"2021-08-12T03:08:04.893Z"}
{"message":"Invalid Params","level":"error","timestamp":"2021-08-12T03:08:04.899Z"}
{"message":"Invalid Params","level":"error","timestamp":"2021-08-12T03:08:04.981Z"}
{"message":"Invalid Params","level":"error","timestamp":"2021-08-12T03:08:04.985Z"}
{"message":"Invalid Params","level":"error","timestamp":"2021-08-12T03:52:35.857Z"}
{"message":"Invalid Params","level":"error","timestamp":"2021-08-12T03:52:35.862Z"}
{"message":"Invalid Params","level":"error","timestamp":"2021-08-12T03:52:35.943Z"}
{"message":"Invalid Params","level":"error","timestamp":"2021-08-12T03:52:35.950Z"}
{"message":"Invalid Params","level":"error","timestamp":"2021-08-12T04:06:08.647Z"}
{"message":"Invalid Params","level":"error","timestamp":"2021-08-12T04:06:08.654Z"}
{"message":"Invalid Params","level":"error","timestamp":"2021-08-12T04:06:08.736Z"}
{"message":"Invalid Params","level":"error","timestamp":"2021-08-12T04:06:08.741Z"}
{"message":"Error while saving the new user","level":"error","timestamp":"2021-08-12T04:07:06.844Z"}
{"message":"Error while registering the new user","level":"error","timestamp":"2021-08-12T04:07:06.844Z"}
{"message":"Invalid Params","level":"error","timestamp":"2021-08-12T04:07:06.862Z"}
{"message":"Invalid Params","level":"error","timestamp":"2021-08-12T04:07:06.867Z"}
{"message":"Invalid Params","level":"error","timestamp":"2021-08-12T04:07:06.949Z"}
{"message":"Invalid Params","level":"error","timestamp":"2021-08-12T04:07:06.954Z"}
{"message":"Invalid Params","level":"error","timestamp":"2021-08-12T04:07:28.579Z"}
{"message":"Invalid Params","level":"error","timestamp":"2021-08-12T04:07:28.585Z"}
{"message":"Invalid Params","level":"error","timestamp":"2021-08-12T04:07:28.667Z"}
{"message":"Invalid Params","level":"error","timestamp":"2021-08-12T04:07:28.674Z"}
{"message":"Error while saving the new user","level":"error","timestamp":"2021-08-12T04:57:44.729Z"}
{"message":"Error while registering the new user","level":"error","timestamp":"2021-08-12T04:57:44.729Z"}
{"message":"Invalid Params","level":"error","timestamp":"2021-08-12T04:57:44.750Z"}
{"message":"Invalid Params","level":"error","timestamp":"2021-08-12T04:57:44.759Z"}
{"message":"Invalid Params","level":"error","timestamp":"2021-08-12T04:57:44.853Z"}
{"message":"Invalid Params","level":"error","timestamp":"2021-08-12T04:57:44.859Z"}
{"message":"Error while saving the new user","level":"error","timestamp":"2021-08-13T12:12:26.697Z"}
{"message":"Error while registering the new user","level":"error","timestamp":"2021-08-13T12:12:26.697Z"}
{"message":"Invalid Details for registration","level":"error","timestamp":"2021-08-13T12:12:26.715Z"}
{"message":"Invalid Details for registration","level":"error","timestamp":"2021-08-13T12:12:26.723Z"}
{"message":"Invalid Details for login","level":"error","timestamp":"2021-08-13T12:12:26.811Z"}
{"message":"Invalid Details for login","level":"error","timestamp":"2021-08-13T12:12:26.816Z"}
{"message":"Invalid Details for registration","level":"error","timestamp":"2021-08-22T10:08:40.068Z"}
{"message":"Invalid Details for registration","level":"error","timestamp":"2021-08-22T10:08:44.963Z"}
{"message":"Invalid Details for registration","level":"error","timestamp":"2021-08-22T10:11:47.477Z"}
{"message":"Invalid Details for registration","level":"error","timestamp":"2021-08-22T10:13:38.346Z"}
{"message":"Invalid Details for registration","level":"error","timestamp":"2021-08-22T10:16:55.062Z"}
{"message":"Invalid Details for registration","level":"error","timestamp":"2021-08-22T10:17:53.302Z"}
{"message":"Invalid Details for registration","level":"error","timestamp":"2021-08-22T10:17:53.340Z"}
{"message":"Invalid Details for registration","level":"error","timestamp":"2021-08-22T10:18:02.564Z"}
{"message":"Invalid Details for registration","level":"error","timestamp":"2021-08-22T10:19:58.169Z"}
{"message":"Invalid Details for registration","level":"error","timestamp":"2021-08-22T10:22:11.553Z"}
{"message":"Invalid Details for registration","level":"error","timestamp":"2021-08-22T10:22:19.859Z"}
{"message":"Invalid Details for registration","level":"error","timestamp":"2021-08-22T10:30:30.549Z"}
{"message":"Invalid Details for registration","level":"error","timestamp":"2021-08-22T10:31:04.089Z"}
{"message":"Invalid Details for login","level":"error","timestamp":"2021-08-22T11:48:55.384Z"}
{"message":"Invalid Details for login","level":"error","timestamp":"2021-08-22T11:51:57.922Z"}
{"message":"Error while authenticating the user","level":"error","timestamp":"2021-08-22T11:54:42.807Z"}
{"message":"Invalid Details for registration","level":"error","timestamp":"2021-08-22T15:23:10.738Z"}
{"message":"Error while saving the new user","level":"error","timestamp":"2021-08-22T16:14:07.834Z"}
{"message":"Error while registering the new user","level":"error","timestamp":"2021-08-22T16:14:07.835Z"}
{"message":"Invalid Details for registration","level":"error","timestamp":"2021-08-22T16:14:07.886Z"}
{"message":"Invalid Details for registration","level":"error","timestamp":"2021-08-22T16:14:07.904Z"}
{"message":"Invalid Details for login","level":"error","timestamp":"2021-08-22T16:14:08.140Z"}
{"message":"Invalid Details for login","level":"error","timestamp":"2021-08-22T16:14:08.149Z"}
{"message":"Invalid Details for login","level":"error","timestamp":"2021-08-22T17:20:29.538Z"}
{"message":"Invalid Details for login","level":"error","timestamp":"2021-08-22T17:21:18.799Z"}
{"message":"Invalid Details for login","level":"error","timestamp":"2021-08-22T17:21:58.246Z"}
{"message":"Invalid Details for login","level":"error","timestamp":"2021-08-22T17:22:23.573Z"}
{"message":"Invalid Details for registration","level":"error","timestamp":"2021-08-22T18:11:20.509Z"}
{"message":"Invalid Details for registration","level":"error","timestamp":"2021-08-22T18:19:20.541Z"}
{"message":"Invalid Details for login","level":"error","timestamp":"2021-08-22T18:30:13.987Z"}
{"message":"Invalid Details for login","level":"error","timestamp":"2021-08-22T18:30:58.123Z"}
{"message":"Invalid Details for login","level":"error","timestamp":"2021-08-22T18:31:40.715Z"}
{"message":"Invalid Details for login","level":"error","timestamp":"2021-08-22T18:34:09.583Z"}
{"message":"Invalid Details for login","level":"error","timestamp":"2021-08-22T18:58:11.382Z"}
{"message":"Error while saving the new user","level":"error","timestamp":"2021-08-23T02:23:36.906Z"}
{"message":"Error while registering the new user","level":"error","timestamp":"2021-08-23T02:23:36.907Z"}
{"message":"Error while authenticating the user","level":"error","timestamp":"2021-08-23T02:24:59.658Z"}
{"message":"Invalid Details for login","level":"error","timestamp":"2021-08-23T03:34:58.377Z"}
{"message":"Error while authenticating the user","level":"error","timestamp":"2021-08-23T03:35:18.681Z"}
{"message":"Invalid Details for login","level":"error","timestamp":"2021-08-23T14:39:07.449Z"}
{"message":"Could not connect to the database.","level":"error","timestamp":"2021-08-23T16:58:14.822Z"}
{"message":"Invalid Details for login","level":"error","timestamp":"2021-08-24T19:08:45.014Z"}
{"message":"Error while authenticating the user","level":"error","timestamp":"2021-08-30T18:29:31.517Z"}
{"message":"Invalid Details for login","level":"error","timestamp":"2021-08-30T18:30:19.610Z"}
{"message":"Invalid Details for login","level":"error","timestamp":"2021-08-30T19:05:15.107Z"}
{"message":"Invalid Details for login","level":"error","timestamp":"2021-08-30T20:06:10.195Z"}
{"message":"Error while authenticating the user","level":"error","timestamp":"2021-08-31T12:31:00.333Z"}
{"message":"Error while authenticating the user","level":"error","timestamp":"2021-08-31T12:56:48.458Z"}
{"message":"Invalid Details for login","level":"error","timestamp":"2021-08-31T13:07:19.431Z"}
{"message":"Invalid Details for login","level":"error","timestamp":"2021-09-01T05:38:31.635Z"}
{"message":"Invalid Details for login","level":"error","timestamp":"2021-09-01T05:39:17.788Z"}
{"message":"Invalid Details for login","level":"error","timestamp":"2021-09-01T05:39:37.840Z"}
{"message":"Error while authenticating the user","level":"error","timestamp":"2021-09-01T08:20:41.529Z"}
{"message":"Error while authenticating the user","level":"error","timestamp":"2021-09-02T12:41:47.228Z"}
{"message":"Error while authenticating the user","level":"error","timestamp":"2021-09-03T18:11:00.392Z"}
{"message":"Invalid Details for login","level":"error","timestamp":"2021-09-04T15:59:54.703Z"}
{"message":"Invalid Details for login","level":"error","timestamp":"2021-09-05T16:03:09.530Z"}
{"message":"Could not connect to the database.","level":"error","timestamp":"2021-09-09T19:19:42.931Z"}
